<?xml version="1.0" encoding="UTF-8"?>
<!-- Generated by org.testng.reporters.JUnitReportReporter -->
<testsuite skipped="0" hostname="Prajaktaka-VD" name="Script.Main" tests="3" failures="0" timestamp="2024-02-27T11:19:41 IST" time="18.176" errors="0">
  <testcase name="Testng1" time="4.934" classname="Script.Main"/>
  <system-out/>
  <testcase name="Testng" time="8.589" classname="Script.Main"/>
  <system-out/>
  <testcase name="Testng2" time="4.653" classname="Script.Main"/>
  <system-out/>
</testsuite> <!-- Script.Main -->
